android/app/build/intermediates/manifest_merge_blame_file/debug/manifest-merger-blame-debug-report.txt
1<?xml version="1.0" encoding="utf-8"?>
2<manifest xmlns:android="http://schemas.android.com/apk/res/android"
3    package="com.devmobile"
4    android:versionCode="1"
5    android:versionName="1.0" >
6
7    <uses-sdk
8        android:minSdkVersion="16"
9        android:targetSdkVersion="28" />
10
11    <uses-permission android:name="android.permission.SYSTEM_ALERT_WINDOW" />
11-->src\debug\AndroidManifest.xml:5:5-77
11-->src\debug\AndroidManifest.xml:5:22-75
12    <uses-permission android:name="android.permission.INTERNET" />
12-->src\main\AndroidManifest.xml:4:5-67
12-->src\main\AndroidManifest.xml:4:22-64
13    <uses-permission android:name="android.permission.ACCESS_WIFI_STATE" />
13-->[com.facebook.flipper:flipper:0.33.1] AndroidManifest.xml:16:5-76
13-->[com.facebook.flipper:flipper:0.33.1] AndroidManifest.xml:16:22-73
14    <uses-permission android:name="android.permission.WRITE_EXTERNAL_STORAGE" />
14-->[:react-native-fs] AndroidManifest.xml:11:5-81
14-->[:react-native-fs] AndroidManifest.xml:11:22-78
15
16    <application
16-->src\main\AndroidManifest.xml:6:5-26:19
17        android:name="com.devmobile.MainApplication"
17-->src\main\AndroidManifest.xml:7:7-38
18        android:allowBackup="false"
18-->src\main\AndroidManifest.xml:11:7-34
19        android:appComponentFactory="androidx.core.app.CoreComponentFactory"
19-->[androidx.core:core:1.1.0] AndroidManifest.xml:24:18-86
20        android:debuggable="true"
21        android:icon="@mipmap/ic_launcher"
21-->src\main\AndroidManifest.xml:9:7-41
22        android:label="@string/app_name"
22-->src\main\AndroidManifest.xml:8:7-39
23        android:roundIcon="@mipmap/ic_launcher_round"
23-->src\main\AndroidManifest.xml:10:7-52
24        android:theme="@style/AppTheme"
24-->src\main\AndroidManifest.xml:13:7-38
25        android:usesCleartextTraffic="true" >
25-->src\main\AndroidManifest.xml:12:7-42
26        <activity
26-->src\main\AndroidManifest.xml:14:7-24:18
27            android:name="com.devmobile.MainActivity"
27-->src\main\AndroidManifest.xml:15:9-37
28            android:configChanges="keyboard|keyboardHidden|orientation|screenSize|uiMode"
28-->src\main\AndroidManifest.xml:17:9-86
29            android:label="@string/app_name"
29-->src\main\AndroidManifest.xml:16:9-41
30            android:launchMode="singleTask"
30-->src\main\AndroidManifest.xml:18:9-40
31            android:windowSoftInputMode="adjustResize" >
31-->src\main\AndroidManifest.xml:19:9-51
32            <intent-filter>
32-->src\main\AndroidManifest.xml:20:9-23:25
33                <action android:name="android.intent.action.MAIN" />
33-->src\main\AndroidManifest.xml:21:13-65
33-->src\main\AndroidManifest.xml:21:21-62
34
35                <category android:name="android.intent.category.LAUNCHER" />
35-->src\main\AndroidManifest.xml:22:13-73
35-->src\main\AndroidManifest.xml:22:23-70
36            </intent-filter>
37        </activity>
38        <activity android:name="com.facebook.react.devsupport.DevSettingsActivity" />
38-->src\main\AndroidManifest.xml:25:7-84
38-->src\main\AndroidManifest.xml:25:17-81
39
40        <provider
40-->[:react-native-webview] AndroidManifest.xml:12:9-20:20
41            android:name="com.reactnativecommunity.webview.RNCWebViewFileProvider"
41-->[:react-native-webview] AndroidManifest.xml:13:13-83
42            android:authorities="com.devmobile.fileprovider"
42-->[:react-native-webview] AndroidManifest.xml:14:13-64
43            android:exported="false"
43-->[:react-native-webview] AndroidManifest.xml:15:13-37
44            android:grantUriPermissions="true" >
44-->[:react-native-webview] AndroidManifest.xml:16:13-47
45            <meta-data
45-->[:react-native-webview] AndroidManifest.xml:17:13-19:63
46                android:name="android.support.FILE_PROVIDER_PATHS"
46-->[:react-native-webview] AndroidManifest.xml:18:17-67
47                android:resource="@xml/file_provider_paths" />
47-->[:react-native-webview] AndroidManifest.xml:19:17-60
48        </provider>
49    </application>
50
51</manifest>